<?xml version="1.0" encoding="UTF-8"?>
<!-- Generated by org.testng.reporters.JUnitReportReporter -->
<testsuite hostname="Almazs-MBP.fios-router.home" failures="0" tests="1" name="packages.Project.day1TestNg" time="0.007" errors="0" timestamp="2020-08-05T12:57:16 EDT" skipped="0">
  <testcase classname="packages.Project.day1TestNg" name="Demo" time="0.007"/>
  <system-out/>
</testsuite> <!-- packages.Project.day1TestNg -->
