<?xml version="1.0" encoding="UTF-8"?>
<!-- Generated by org.testng.reporters.JUnitReportReporter -->
<testsuite hostname="Almazs-MacBook-Pro.local" failures="0" tests="1" name="RestassuredAutomation.TC001_GET_Request" time="1.788" errors="0" timestamp="2020-09-07T11:14:29 EDT" skipped="0">
  <testcase classname="RestassuredAutomation.TC001_GET_Request" name="test_01" time="1.788"/>
  <system-out/>
</testsuite> <!-- RestassuredAutomation.TC001_GET_Request -->
