<?xml version="1.0" encoding="UTF-8"?>
<!-- Generated by org.testng.reporters.JUnitReportReporter -->
<testsuite hostname="Almazs-MBP.fios-router.home" failures="0" tests="1" name="packages.Project.AppTest" time="0.014" errors="0" timestamp="2020-08-03T13:31:57 EDT" skipped="0">
  <testcase classname="packages.Project.AppTest" name="testApp" time="0.014"/>
  <system-out/>
</testsuite> <!-- packages.Project.AppTest -->
