<?xml version="1.0" encoding="UTF-8"?>
<!-- Generated by org.testng.reporters.JUnitReportReporter -->
<testsuite hostname="Almazs-MacBook-Pro.local" failures="0" tests="1" name="RestassuredAutomation.TC3_POST_Register" time="2.057" errors="0" timestamp="2020-09-07T12:10:07 EDT" skipped="0">
  <testcase classname="RestassuredAutomation.TC3_POST_Register" name="test_2_put" time="2.057"/>
  <system-out/>
</testsuite> <!-- RestassuredAutomation.TC3_POST_Register -->
