<?xml version="1.0" encoding="UTF-8"?>
<!-- Generated by org.testng.reporters.JUnitReportReporter -->
<testsuite hostname="Almazs-MBP.fios-router.home" failures="0" tests="3" name="packages.Project.day4TestNg" time="0.006" errors="0" timestamp="2020-08-05T12:57:16 EDT" skipped="0">
  <testcase classname="packages.Project.day4TestNg" name="MobileLoginHomeLoan" time="0.002"/>
  <system-out/>
  <testcase classname="packages.Project.day4TestNg" name="WebloginHome" time="0.002"/>
  <system-out/>
  <testcase classname="packages.Project.day4TestNg" name="LoginAPIHomeLoan" time="0.002"/>
  <system-out/>
</testsuite> <!-- packages.Project.day4TestNg -->
