<?xml version="1.0" encoding="UTF-8"?>
<!-- Generated by org.testng.reporters.JUnitReportReporter -->
<testsuite hostname="Almazs-MBP.fios-router.home" failures="0" tests="2" name="packages.Project.day1TestNg" time="0.002" errors="0" timestamp="2020-08-05T13:34:25 EDT" skipped="0">
  <testcase classname="packages.Project.day1TestNg" name="SecondTest" time="0.000"/>
  <system-out/>
  <testcase classname="packages.Project.day1TestNg" name="Demo" time="0.002"/>
  <system-out/>
</testsuite> <!-- packages.Project.day1TestNg -->
