<?xml version="1.0" encoding="UTF-8"?>
<!-- Generated by org.testng.reporters.JUnitReportReporter -->
<testsuite hostname="Almazs-MBP.fios-router.home" failures="0" tests="1" name="packages.Project.AppTest" time="0.005" errors="0" timestamp="2020-08-05T13:33:37 EDT" skipped="0">
  <testcase classname="packages.Project.AppTest" name="testApp" time="0.005"/>
  <system-out/>
</testsuite> <!-- packages.Project.AppTest -->
