<?xml version="1.0" encoding="UTF-8"?>
<!-- Generated by org.testng.reporters.JUnitReportReporter -->
<testsuite hostname="Almazs-MBP.fios-router.home" failures="0" tests="1" name="packages.Project.day2TestNg" time="0.000" errors="0" timestamp="2020-08-05T13:34:25 EDT" skipped="0">
  <testcase classname="packages.Project.day2TestNg" name="ploan" time="0.000"/>
  <system-out/>
</testsuite> <!-- packages.Project.day2TestNg -->
